2015/06/17 03:52:38 [error] [exception.CException] exception 'CException' with message 'Property "CDbConnection.0" is not defined.' in C:\xampp\htdocs\IM\yii\framework\base\CComponent.php:173
Stack trace:
#0 C:\xampp\htdocs\IM\yii\framework\YiiBase.php(220): CComponent->__set('0', 'emulatorPrepare...')
#1 C:\xampp\htdocs\IM\yii\framework\base\CModule.php(393): YiiBase::createComponent(Array)
#2 C:\xampp\htdocs\IM\yii\framework\base\CModule.php(103): CModule->getComponent('db')
#3 C:\xampp\htdocs\IM\yii\framework\gii\generators\model\ModelCode.php(60): CModule->__get('db')
#4 C:\xampp\htdocs\IM\yii\framework\web\CFormModel.php(39): ModelCode->init()
#5 C:\xampp\htdocs\IM\yii\framework\gii\CCodeGenerator.php(153): CFormModel->__construct()
#6 C:\xampp\htdocs\IM\yii\framework\gii\CCodeGenerator.php(63): CCodeGenerator->prepare()
#7 C:\xampp\htdocs\IM\yii\framework\web\actions\CInlineAction.php(49): CCodeGenerator->actionIndex()
#8 C:\xampp\htdocs\IM\yii\framework\web\CController.php(308): CInlineAction->runWithParams(Array)
#9 C:\xampp\htdocs\IM\yii\framework\web\CController.php(286): CController->runAction(Object(CInlineAction))
#10 C:\xampp\htdocs\IM\yii\framework\web\CController.php(265): CController->runActionWithFilters(Object(CInlineAction), Array)
#11 C:\xampp\htdocs\IM\yii\framework\web\CWebApplication.php(282): CController->run('index')
#12 C:\xampp\htdocs\IM\yii\framework\web\CWebApplication.php(141): CWebApplication->runController('gii/model/index')
#13 C:\xampp\htdocs\IM\yii\framework\base\CApplication.php(184): CWebApplication->processRequest()
#14 C:\xampp\htdocs\IM\20150617\libraryng\index.php(13): CApplication->run()
#15 {main}
REQUEST_URI=/IM/20150617/libraryng/index.php?r=gii/model/index
HTTP_REFERER=http://localhost/IM/20150617/libraryng/index.php?r=gii/default/index
---
2015/06/17 03:55:27 [error] [exception.CException] exception 'CException' with message 'Property "CDbConnection.0" is not defined.' in C:\xampp\htdocs\IM\yii\framework\base\CComponent.php:173
Stack trace:
#0 C:\xampp\htdocs\IM\yii\framework\YiiBase.php(220): CComponent->__set('0', 'emulatorPrepare...')
#1 C:\xampp\htdocs\IM\yii\framework\base\CModule.php(393): YiiBase::createComponent(Array)
#2 C:\xampp\htdocs\IM\yii\framework\base\CModule.php(103): CModule->getComponent('db')
#3 C:\xampp\htdocs\IM\yii\framework\gii\generators\model\ModelCode.php(60): CModule->__get('db')
#4 C:\xampp\htdocs\IM\yii\framework\web\CFormModel.php(39): ModelCode->init()
#5 C:\xampp\htdocs\IM\yii\framework\gii\CCodeGenerator.php(153): CFormModel->__construct()
#6 C:\xampp\htdocs\IM\yii\framework\gii\CCodeGenerator.php(63): CCodeGenerator->prepare()
#7 C:\xampp\htdocs\IM\yii\framework\web\actions\CInlineAction.php(49): CCodeGenerator->actionIndex()
#8 C:\xampp\htdocs\IM\yii\framework\web\CController.php(308): CInlineAction->runWithParams(Array)
#9 C:\xampp\htdocs\IM\yii\framework\web\CController.php(286): CController->runAction(Object(CInlineAction))
#10 C:\xampp\htdocs\IM\yii\framework\web\CController.php(265): CController->runActionWithFilters(Object(CInlineAction), Array)
#11 C:\xampp\htdocs\IM\yii\framework\web\CWebApplication.php(282): CController->run('index')
#12 C:\xampp\htdocs\IM\yii\framework\web\CWebApplication.php(141): CWebApplication->runController('gii/model/index')
#13 C:\xampp\htdocs\IM\yii\framework\base\CApplication.php(184): CWebApplication->processRequest()
#14 C:\xampp\htdocs\IM\20150617\libraryng\index.php(13): CApplication->run()
#15 {main}
REQUEST_URI=/IM/20150617/libraryng/index.php?r=gii/model/index
HTTP_REFERER=http://localhost/IM/20150617/libraryng/index.php?r=gii/default/index
---
2015/06/17 03:55:31 [error] [exception.CException] exception 'CException' with message 'Property "CDbConnection.0" is not defined.' in C:\xampp\htdocs\IM\yii\framework\base\CComponent.php:173
Stack trace:
#0 C:\xampp\htdocs\IM\yii\framework\YiiBase.php(220): CComponent->__set('0', 'emulatorPrepare...')
#1 C:\xampp\htdocs\IM\yii\framework\base\CModule.php(393): YiiBase::createComponent(Array)
#2 C:\xampp\htdocs\IM\yii\framework\base\CModule.php(103): CModule->getComponent('db')
#3 C:\xampp\htdocs\IM\yii\framework\gii\generators\model\ModelCode.php(60): CModule->__get('db')
#4 C:\xampp\htdocs\IM\yii\framework\web\CFormModel.php(39): ModelCode->init()
#5 C:\xampp\htdocs\IM\yii\framework\gii\CCodeGenerator.php(153): CFormModel->__construct()
#6 C:\xampp\htdocs\IM\yii\framework\gii\CCodeGenerator.php(63): CCodeGenerator->prepare()
#7 C:\xampp\htdocs\IM\yii\framework\web\actions\CInlineAction.php(49): CCodeGenerator->actionIndex()
#8 C:\xampp\htdocs\IM\yii\framework\web\CController.php(308): CInlineAction->runWithParams(Array)
#9 C:\xampp\htdocs\IM\yii\framework\web\CController.php(286): CController->runAction(Object(CInlineAction))
#10 C:\xampp\htdocs\IM\yii\framework\web\CController.php(265): CController->runActionWithFilters(Object(CInlineAction), Array)
#11 C:\xampp\htdocs\IM\yii\framework\web\CWebApplication.php(282): CController->run('index')
#12 C:\xampp\htdocs\IM\yii\framework\web\CWebApplication.php(141): CWebApplication->runController('gii/model/index')
#13 C:\xampp\htdocs\IM\yii\framework\base\CApplication.php(184): CWebApplication->processRequest()
#14 C:\xampp\htdocs\IM\20150617\libraryng\index.php(13): CApplication->run()
#15 {main}
REQUEST_URI=/IM/20150617/libraryng/index.php?r=gii/model/index
HTTP_REFERER=http://localhost/IM/20150617/libraryng/index.php?r=gii/default/index
---
2015/06/17 03:56:37 [error] [exception.CException] exception 'CException' with message 'Property "CDbConnection.emulatorPrepare" is not defined.' in C:\xampp\htdocs\IM\yii\framework\base\CComponent.php:173
Stack trace:
#0 C:\xampp\htdocs\IM\yii\framework\YiiBase.php(220): CComponent->__set('emulatorPrepare', true)
#1 C:\xampp\htdocs\IM\yii\framework\base\CModule.php(393): YiiBase::createComponent(Array)
#2 C:\xampp\htdocs\IM\yii\framework\base\CModule.php(103): CModule->getComponent('db')
#3 C:\xampp\htdocs\IM\yii\framework\gii\generators\model\ModelCode.php(60): CModule->__get('db')
#4 C:\xampp\htdocs\IM\yii\framework\web\CFormModel.php(39): ModelCode->init()
#5 C:\xampp\htdocs\IM\yii\framework\gii\CCodeGenerator.php(153): CFormModel->__construct()
#6 C:\xampp\htdocs\IM\yii\framework\gii\CCodeGenerator.php(63): CCodeGenerator->prepare()
#7 C:\xampp\htdocs\IM\yii\framework\web\actions\CInlineAction.php(49): CCodeGenerator->actionIndex()
#8 C:\xampp\htdocs\IM\yii\framework\web\CController.php(308): CInlineAction->runWithParams(Array)
#9 C:\xampp\htdocs\IM\yii\framework\web\CController.php(286): CController->runAction(Object(CInlineAction))
#10 C:\xampp\htdocs\IM\yii\framework\web\CController.php(265): CController->runActionWithFilters(Object(CInlineAction), Array)
#11 C:\xampp\htdocs\IM\yii\framework\web\CWebApplication.php(282): CController->run('index')
#12 C:\xampp\htdocs\IM\yii\framework\web\CWebApplication.php(141): CWebApplication->runController('gii/model/index')
#13 C:\xampp\htdocs\IM\yii\framework\base\CApplication.php(184): CWebApplication->processRequest()
#14 C:\xampp\htdocs\IM\20150617\libraryng\index.php(13): CApplication->run()
#15 {main}
REQUEST_URI=/IM/20150617/libraryng/index.php?r=gii/model/index
HTTP_REFERER=http://localhost/IM/20150617/libraryng/index.php?r=gii/default/index
---
2015/06/17 03:56:40 [error] [exception.CException] exception 'CException' with message 'Property "CDbConnection.emulatorPrepare" is not defined.' in C:\xampp\htdocs\IM\yii\framework\base\CComponent.php:173
Stack trace:
#0 C:\xampp\htdocs\IM\yii\framework\YiiBase.php(220): CComponent->__set('emulatorPrepare', true)
#1 C:\xampp\htdocs\IM\yii\framework\base\CModule.php(393): YiiBase::createComponent(Array)
#2 C:\xampp\htdocs\IM\yii\framework\base\CModule.php(103): CModule->getComponent('db')
#3 C:\xampp\htdocs\IM\yii\framework\gii\generators\model\ModelCode.php(60): CModule->__get('db')
#4 C:\xampp\htdocs\IM\yii\framework\web\CFormModel.php(39): ModelCode->init()
#5 C:\xampp\htdocs\IM\yii\framework\gii\CCodeGenerator.php(153): CFormModel->__construct()
#6 C:\xampp\htdocs\IM\yii\framework\gii\CCodeGenerator.php(63): CCodeGenerator->prepare()
#7 C:\xampp\htdocs\IM\yii\framework\web\actions\CInlineAction.php(49): CCodeGenerator->actionIndex()
#8 C:\xampp\htdocs\IM\yii\framework\web\CController.php(308): CInlineAction->runWithParams(Array)
#9 C:\xampp\htdocs\IM\yii\framework\web\CController.php(286): CController->runAction(Object(CInlineAction))
#10 C:\xampp\htdocs\IM\yii\framework\web\CController.php(265): CController->runActionWithFilters(Object(CInlineAction), Array)
#11 C:\xampp\htdocs\IM\yii\framework\web\CWebApplication.php(282): CController->run('index')
#12 C:\xampp\htdocs\IM\yii\framework\web\CWebApplication.php(141): CWebApplication->runController('gii/model/index')
#13 C:\xampp\htdocs\IM\yii\framework\base\CApplication.php(184): CWebApplication->processRequest()
#14 C:\xampp\htdocs\IM\20150617\libraryng\index.php(13): CApplication->run()
#15 {main}
REQUEST_URI=/IM/20150617/libraryng/index.php?r=gii/model/index
HTTP_REFERER=http://localhost/IM/20150617/libraryng/index.php?r=gii/default/index
---
2015/06/17 04:04:56 [error] [exception.CDbException] exception 'CDbException' with message 'CDbConnection failed to open the DB connection: SQLSTATE[HY000] [1049] Unknown database 'library'' in C:\xampp\htdocs\IM\yii\framework\db\CDbConnection.php:399
Stack trace:
#0 C:\xampp\htdocs\IM\yii\framework\db\CDbConnection.php(347): CDbConnection->open()
#1 C:\xampp\htdocs\IM\yii\framework\db\CDbConnection.php(325): CDbConnection->setActive(true)
#2 C:\xampp\htdocs\IM\yii\framework\base\CModule.php(394): CDbConnection->init()
#3 C:\xampp\htdocs\IM\yii\framework\base\CModule.php(103): CModule->getComponent('db')
#4 C:\xampp\htdocs\IM\yii\framework\gii\generators\model\ModelCode.php(60): CModule->__get('db')
#5 C:\xampp\htdocs\IM\yii\framework\web\CFormModel.php(39): ModelCode->init()
#6 C:\xampp\htdocs\IM\yii\framework\gii\CCodeGenerator.php(153): CFormModel->__construct()
#7 C:\xampp\htdocs\IM\yii\framework\gii\CCodeGenerator.php(63): CCodeGenerator->prepare()
#8 C:\xampp\htdocs\IM\yii\framework\web\actions\CInlineAction.php(49): CCodeGenerator->actionIndex()
#9 C:\xampp\htdocs\IM\yii\framework\web\CController.php(308): CInlineAction->runWithParams(Array)
#10 C:\xampp\htdocs\IM\yii\framework\web\CController.php(286): CController->runAction(Object(CInlineAction))
#11 C:\xampp\htdocs\IM\yii\framework\web\CController.php(265): CController->runActionWithFilters(Object(CInlineAction), Array)
#12 C:\xampp\htdocs\IM\yii\framework\web\CWebApplication.php(282): CController->run('index')
#13 C:\xampp\htdocs\IM\yii\framework\web\CWebApplication.php(141): CWebApplication->runController('gii/model/index')
#14 C:\xampp\htdocs\IM\yii\framework\base\CApplication.php(184): CWebApplication->processRequest()
#15 C:\xampp\htdocs\IM\20150617\libraryng\index.php(13): CApplication->run()
#16 {main}
REQUEST_URI=/IM/20150617/libraryng/index.php?r=gii/model/index
HTTP_REFERER=http://localhost/IM/20150617/libraryng/index.php?r=gii/model/index
---
2015/06/22 08:43:24 [error] [exception.CHttpException.404] exception 'CHttpException' with message 'The system is unable to find the requested action "actionExcel".' in C:\xampp\htdocs\IM\yii\framework\web\CController.php:483
Stack trace:
#0 C:\xampp\htdocs\IM\yii\framework\web\CController.php(270): CController->missingAction('actionExcel')
#1 C:\xampp\htdocs\IM\yii\framework\web\CWebApplication.php(282): CController->run('actionExcel')
#2 C:\xampp\htdocs\IM\yii\framework\web\CWebApplication.php(141): CWebApplication->runController('site/actionExce...')
#3 C:\xampp\htdocs\IM\yii\framework\base\CApplication.php(184): CWebApplication->processRequest()
#4 C:\xampp\htdocs\IM\20150617\libraryng\index.php(13): CApplication->run()
#5 {main}
REQUEST_URI=/IM/20150617/libraryng/index.php?r=site/actionExcel
---
