2015/06/30 10:09:07 [error] [exception.CHttpException.403] exception 'CHttpException' with message 'You are not authorized to perform this action.' in C:\xampp\htdocs\IM\yii\framework\web\auth\CAccessControlFilter.php:182
Stack trace:
#0 C:\xampp\htdocs\IM\yii\framework\web\auth\CAccessControlFilter.php(145): CAccessControlFilter->accessDenied(Object(CWebUser), 'You are not aut...')
#1 C:\xampp\htdocs\IM\yii\framework\web\filters\CFilter.php(38): CAccessControlFilter->preFilter(Object(CFilterChain))
#2 C:\xampp\htdocs\IM\yii\framework\web\CController.php(1145): CFilter->filter(Object(CFilterChain))
#3 C:\xampp\htdocs\IM\yii\framework\web\filters\CInlineFilter.php(58): CController->filterAccessControl(Object(CFilterChain))
#4 C:\xampp\htdocs\IM\yii\framework\web\filters\CFilterChain.php(130): CInlineFilter->filter(Object(CFilterChain))
#5 C:\xampp\htdocs\IM\yii\framework\web\CController.php(291): CFilterChain->run()
#6 C:\xampp\htdocs\IM\yii\framework\web\CController.php(265): CController->runActionWithFilters(Object(CInlineAction), Array)
#7 C:\xampp\htdocs\IM\yii\framework\web\CWebApplication.php(282): CController->run('export')
#8 C:\xampp\htdocs\IM\yii\framework\web\CWebApplication.php(141): CWebApplication->runController('a/export/')
#9 C:\xampp\htdocs\IM\yii\framework\base\CApplication.php(184): CWebApplication->processRequest()
#10 C:\xampp\htdocs\IM\export\index.php(13): CApplication->run()
#11 {main}
REQUEST_URI=/im/export/index.php?r=a/export/
HTTP_REFERER=http://localhost/im/export/index.php?r=site/login
---
2015/06/30 10:09:15 [error] [exception.CHttpException.403] exception 'CHttpException' with message 'You are not authorized to perform this action.' in C:\xampp\htdocs\IM\yii\framework\web\auth\CAccessControlFilter.php:182
Stack trace:
#0 C:\xampp\htdocs\IM\yii\framework\web\auth\CAccessControlFilter.php(145): CAccessControlFilter->accessDenied(Object(CWebUser), 'You are not aut...')
#1 C:\xampp\htdocs\IM\yii\framework\web\filters\CFilter.php(38): CAccessControlFilter->preFilter(Object(CFilterChain))
#2 C:\xampp\htdocs\IM\yii\framework\web\CController.php(1145): CFilter->filter(Object(CFilterChain))
#3 C:\xampp\htdocs\IM\yii\framework\web\filters\CInlineFilter.php(58): CController->filterAccessControl(Object(CFilterChain))
#4 C:\xampp\htdocs\IM\yii\framework\web\filters\CFilterChain.php(130): CInlineFilter->filter(Object(CFilterChain))
#5 C:\xampp\htdocs\IM\yii\framework\web\CController.php(291): CFilterChain->run()
#6 C:\xampp\htdocs\IM\yii\framework\web\CController.php(265): CController->runActionWithFilters(Object(CInlineAction), Array)
#7 C:\xampp\htdocs\IM\yii\framework\web\CWebApplication.php(282): CController->run('export')
#8 C:\xampp\htdocs\IM\yii\framework\web\CWebApplication.php(141): CWebApplication->runController('a/export/')
#9 C:\xampp\htdocs\IM\yii\framework\base\CApplication.php(184): CWebApplication->processRequest()
#10 C:\xampp\htdocs\IM\export\index.php(13): CApplication->run()
#11 {main}
REQUEST_URI=/im/export/index.php?r=a/export/
---
2015/06/30 10:09:29 [error] [php] Undefined index: A (C:\xampp\htdocs\IM\export\protected\controllers\AController.php:163)
Stack trace:
#0 C:\xampp\htdocs\IM\yii\framework\web\filters\CFilterChain.php(133): AController->runAction()
#1 C:\xampp\htdocs\IM\yii\framework\web\filters\CFilter.php(40): CFilterChain->run()
#2 C:\xampp\htdocs\IM\yii\framework\web\CController.php(1145): CAccessControlFilter->filter()
#3 C:\xampp\htdocs\IM\yii\framework\web\filters\CInlineFilter.php(58): AController->filterAccessControl()
#4 C:\xampp\htdocs\IM\yii\framework\web\filters\CFilterChain.php(130): CInlineFilter->filter()
#5 C:\xampp\htdocs\IM\yii\framework\web\CController.php(291): CFilterChain->run()
#6 C:\xampp\htdocs\IM\yii\framework\web\CController.php(265): AController->runActionWithFilters()
#7 C:\xampp\htdocs\IM\yii\framework\web\CWebApplication.php(282): AController->run()
#8 C:\xampp\htdocs\IM\yii\framework\web\CWebApplication.php(141): CWebApplication->runController()
#9 C:\xampp\htdocs\IM\yii\framework\base\CApplication.php(184): CWebApplication->processRequest()
#10 C:\xampp\htdocs\IM\export\index.php(13): CWebApplication->run()
REQUEST_URI=/im/export/index.php?r=a/export/
in C:\xampp\htdocs\IM\export\protected\controllers\AController.php (163)
in C:\xampp\htdocs\IM\export\index.php (13)
2015/06/30 10:10:16 [error] [php] Undefined index: A (C:\xampp\htdocs\IM\export\protected\controllers\AController.php:163)
Stack trace:
#0 C:\xampp\htdocs\IM\yii\framework\web\filters\CFilterChain.php(133): AController->runAction()
#1 C:\xampp\htdocs\IM\yii\framework\web\filters\CFilter.php(40): CFilterChain->run()
#2 C:\xampp\htdocs\IM\yii\framework\web\CController.php(1145): CAccessControlFilter->filter()
#3 C:\xampp\htdocs\IM\yii\framework\web\filters\CInlineFilter.php(58): AController->filterAccessControl()
#4 C:\xampp\htdocs\IM\yii\framework\web\filters\CFilterChain.php(130): CInlineFilter->filter()
#5 C:\xampp\htdocs\IM\yii\framework\web\CController.php(291): CFilterChain->run()
#6 C:\xampp\htdocs\IM\yii\framework\web\CController.php(265): AController->runActionWithFilters()
#7 C:\xampp\htdocs\IM\yii\framework\web\CWebApplication.php(282): AController->run()
#8 C:\xampp\htdocs\IM\yii\framework\web\CWebApplication.php(141): CWebApplication->runController()
#9 C:\xampp\htdocs\IM\yii\framework\base\CApplication.php(184): CWebApplication->processRequest()
#10 C:\xampp\htdocs\IM\export\index.php(13): CWebApplication->run()
REQUEST_URI=/im/export/index.php?r=a/export/
in C:\xampp\htdocs\IM\export\protected\controllers\AController.php (163)
in C:\xampp\htdocs\IM\export\index.php (13)
2015/06/30 10:10:20 [error] [php] Undefined index: A (C:\xampp\htdocs\IM\export\protected\controllers\AController.php:163)
Stack trace:
#0 C:\xampp\htdocs\IM\yii\framework\web\filters\CFilterChain.php(133): AController->runAction()
#1 C:\xampp\htdocs\IM\yii\framework\web\filters\CFilter.php(40): CFilterChain->run()
#2 C:\xampp\htdocs\IM\yii\framework\web\CController.php(1145): CAccessControlFilter->filter()
#3 C:\xampp\htdocs\IM\yii\framework\web\filters\CInlineFilter.php(58): AController->filterAccessControl()
#4 C:\xampp\htdocs\IM\yii\framework\web\filters\CFilterChain.php(130): CInlineFilter->filter()
#5 C:\xampp\htdocs\IM\yii\framework\web\CController.php(291): CFilterChain->run()
#6 C:\xampp\htdocs\IM\yii\framework\web\CController.php(265): AController->runActionWithFilters()
#7 C:\xampp\htdocs\IM\yii\framework\web\CWebApplication.php(282): AController->run()
#8 C:\xampp\htdocs\IM\yii\framework\web\CWebApplication.php(141): CWebApplication->runController()
#9 C:\xampp\htdocs\IM\yii\framework\base\CApplication.php(184): CWebApplication->processRequest()
#10 C:\xampp\htdocs\IM\export\index.php(13): CWebApplication->run()
REQUEST_URI=/im/export/index.php?r=a/export/
in C:\xampp\htdocs\IM\export\protected\controllers\AController.php (163)
in C:\xampp\htdocs\IM\export\index.php (13)
2015/06/30 10:30:18 [error] [php] Undefined index: A (C:\xampp\htdocs\IM\export\protected\controllers\AController.php:163)
Stack trace:
#0 C:\xampp\htdocs\IM\yii\framework\web\filters\CFilterChain.php(133): AController->runAction()
#1 C:\xampp\htdocs\IM\yii\framework\web\filters\CFilter.php(40): CFilterChain->run()
#2 C:\xampp\htdocs\IM\yii\framework\web\CController.php(1145): CAccessControlFilter->filter()
#3 C:\xampp\htdocs\IM\yii\framework\web\filters\CInlineFilter.php(58): AController->filterAccessControl()
#4 C:\xampp\htdocs\IM\yii\framework\web\filters\CFilterChain.php(130): CInlineFilter->filter()
#5 C:\xampp\htdocs\IM\yii\framework\web\CController.php(291): CFilterChain->run()
#6 C:\xampp\htdocs\IM\yii\framework\web\CController.php(265): AController->runActionWithFilters()
#7 C:\xampp\htdocs\IM\yii\framework\web\CWebApplication.php(282): AController->run()
#8 C:\xampp\htdocs\IM\yii\framework\web\CWebApplication.php(141): CWebApplication->runController()
#9 C:\xampp\htdocs\IM\yii\framework\base\CApplication.php(184): CWebApplication->processRequest()
#10 C:\xampp\htdocs\IM\export\index.php(13): CWebApplication->run()
REQUEST_URI=/im/export/index.php?r=a/export/
in C:\xampp\htdocs\IM\export\protected\controllers\AController.php (163)
in C:\xampp\htdocs\IM\export\index.php (13)
2015/06/30 10:30:31 [error] [php] Undefined index: A (C:\xampp\htdocs\IM\export\protected\controllers\AController.php:163)
Stack trace:
#0 C:\xampp\htdocs\IM\yii\framework\web\filters\CFilterChain.php(133): AController->runAction()
#1 C:\xampp\htdocs\IM\yii\framework\web\filters\CFilter.php(40): CFilterChain->run()
#2 C:\xampp\htdocs\IM\yii\framework\web\CController.php(1145): CAccessControlFilter->filter()
#3 C:\xampp\htdocs\IM\yii\framework\web\filters\CInlineFilter.php(58): AController->filterAccessControl()
#4 C:\xampp\htdocs\IM\yii\framework\web\filters\CFilterChain.php(130): CInlineFilter->filter()
#5 C:\xampp\htdocs\IM\yii\framework\web\CController.php(291): CFilterChain->run()
#6 C:\xampp\htdocs\IM\yii\framework\web\CController.php(265): AController->runActionWithFilters()
#7 C:\xampp\htdocs\IM\yii\framework\web\CWebApplication.php(282): AController->run()
#8 C:\xampp\htdocs\IM\yii\framework\web\CWebApplication.php(141): CWebApplication->runController()
#9 C:\xampp\htdocs\IM\yii\framework\base\CApplication.php(184): CWebApplication->processRequest()
#10 C:\xampp\htdocs\IM\export\index.php(13): CWebApplication->run()
REQUEST_URI=/im/export/index.php?r=a/export/
in C:\xampp\htdocs\IM\export\protected\controllers\AController.php (163)
in C:\xampp\htdocs\IM\export\index.php (13)
2015/06/30 10:30:33 [error] [php] Undefined index: A (C:\xampp\htdocs\IM\export\protected\controllers\AController.php:163)
Stack trace:
#0 C:\xampp\htdocs\IM\yii\framework\web\filters\CFilterChain.php(133): AController->runAction()
#1 C:\xampp\htdocs\IM\yii\framework\web\filters\CFilter.php(40): CFilterChain->run()
#2 C:\xampp\htdocs\IM\yii\framework\web\CController.php(1145): CAccessControlFilter->filter()
#3 C:\xampp\htdocs\IM\yii\framework\web\filters\CInlineFilter.php(58): AController->filterAccessControl()
#4 C:\xampp\htdocs\IM\yii\framework\web\filters\CFilterChain.php(130): CInlineFilter->filter()
#5 C:\xampp\htdocs\IM\yii\framework\web\CController.php(291): CFilterChain->run()
#6 C:\xampp\htdocs\IM\yii\framework\web\CController.php(265): AController->runActionWithFilters()
#7 C:\xampp\htdocs\IM\yii\framework\web\CWebApplication.php(282): AController->run()
#8 C:\xampp\htdocs\IM\yii\framework\web\CWebApplication.php(141): CWebApplication->runController()
#9 C:\xampp\htdocs\IM\yii\framework\base\CApplication.php(184): CWebApplication->processRequest()
#10 C:\xampp\htdocs\IM\export\index.php(13): CWebApplication->run()
REQUEST_URI=/im/export/index.php?r=a/export/
in C:\xampp\htdocs\IM\export\protected\controllers\AController.php (163)
in C:\xampp\htdocs\IM\export\index.php (13)
2015/06/30 10:34:16 [warning] [EExcelview] PHP Excel lib not found(C:\xampp\htdocs\IM\export\protected\extensions\phpexcel\Classes\PHPExcel.php). Export disabled !
in C:\xampp\htdocs\IM\export\protected\extensions\EExcelView.php (80)
in C:\xampp\htdocs\IM\export\protected\controllers\AController.php (173)
in C:\xampp\htdocs\IM\export\index.php (13)
2015/06/30 11:29:42 [warning] [EExcelview] PHP Excel lib not found(C:\xampp\htdocs\IM\export\protected\extensions\phpexcel\Classes\PHPExcel.php). Export disabled !
in C:\xampp\htdocs\IM\export\protected\extensions\EExcelView.php (80)
in C:\xampp\htdocs\IM\export\protected\controllers\AController.php (173)
in C:\xampp\htdocs\IM\export\index.php (13)
2015/06/30 11:29:47 [warning] [EExcelview] PHP Excel lib not found(C:\xampp\htdocs\IM\export\protected\extensions\phpexcel\Classes\PHPExcel.php). Export disabled !
in C:\xampp\htdocs\IM\export\protected\extensions\EExcelView.php (80)
in C:\xampp\htdocs\IM\export\protected\controllers\AController.php (173)
in C:\xampp\htdocs\IM\export\index.php (13)
2015/06/30 11:29:49 [warning] [EExcelview] PHP Excel lib not found(C:\xampp\htdocs\IM\export\protected\extensions\phpexcel\Classes\PHPExcel.php). Export disabled !
in C:\xampp\htdocs\IM\export\protected\extensions\EExcelView.php (80)
in C:\xampp\htdocs\IM\export\protected\controllers\AController.php (173)
in C:\xampp\htdocs\IM\export\index.php (13)
2015/06/30 11:29:51 [warning] [EExcelview] PHP Excel lib not found(C:\xampp\htdocs\IM\export\protected\extensions\phpexcel\Classes\PHPExcel.php). Export disabled !
in C:\xampp\htdocs\IM\export\protected\extensions\EExcelView.php (80)
in C:\xampp\htdocs\IM\export\protected\controllers\AController.php (173)
in C:\xampp\htdocs\IM\export\index.php (13)
2015/06/30 11:32:03 [warning] [EExcelview] PHP Excel lib not found(C:\xampp\htdocs\IM\export\protected\extensions\phpexcel\Classes\PHPExcel.php). Export disabled !
in C:\xampp\htdocs\IM\export\protected\extensions\EExcelView.php (80)
in C:\xampp\htdocs\IM\export\protected\controllers\AController.php (173)
in C:\xampp\htdocs\IM\export\index.php (13)
2015/06/30 11:32:35 [warning] [EExcelview] PHP Excel lib not found(C:\xampp\htdocs\IM\export\protected\extensions\phpexcel\Classes\PHPExcel.php). Export disabled !
in C:\xampp\htdocs\IM\export\protected\extensions\EExcelView.php (80)
in C:\xampp\htdocs\IM\export\protected\controllers\AController.php (173)
in C:\xampp\htdocs\IM\export\index.php (13)
